
Jun  7 11:25 [GB6J091825+063722_spect.fits]: 
    center      cont      flux       eqw      core     gfwhm     lfwhm
  6789.107  3.068333   89.6702    -29.22  0.947492     88.91        0.
  6787.352  3.170137   72.0661    -22.73  0.865273     78.24        0.

Jun  7 11:45 [GB6J102623+254255_spect.fits]: 
   8191.26  1.833111   41.2317    -22.49  0.365117     106.1        0.
   8180.73  1.883631   24.8705     -13.2  0.354852     65.84        0.
  8180.814   1.96309   14.2738    -7.271  0.307406     43.62        0.
  8179.318  1.973007   14.3781    -7.287   0.28826     46.86        0.
  8138.054  2.051075  -1.69185    0.8249 -0.358469     4.434        0.
   8179.63   1.98236   11.4479    -5.775  0.297121      36.2        0.

Jun  7 11:53 [GB6J171103+383016_spect.fits[*,1]]: 
  6167.907 1.937E-17 5.847E-16    -30.19 9.507E-18     57.78        0.
  6167.349 1.938E-17 5.637E-16    -29.08 9.650E-18     54.88        0.
  6167.153 1.932E-17 5.668E-16    -29.33 9.737E-18     54.69        0.
  6167.446 1.948E-17 5.536E-16    -28.41 9.550E-18     54.46        0.
  6166.848 1.838E-17 6.728E-16     -36.6 1.059E-17     59.66        0.
  6166.962 1.877E-17 6.259E-16    -33.34 1.025E-17     57.34        0.
  6503.291 9.151E-18 3.840E-16    -41.96 4.796E-18     75.22        0.
  6503.215 8.857E-18 4.949E-16    -55.88 4.622E-18     100.6        0.
  6498.727 9.205E-18 3.652E-16    -39.67 4.906E-18     69.92        0.
    6500.2 1.095E-17 2.136E-16     -19.5 2.990E-18     67.11        0.
   6496.18 1.008E-17 3.624E-16    -35.94 3.742E-18     90.97        0.
  6495.232 1.163E-17 1.800E-16    -15.48 2.450E-18     69.03        0.
  6490.537 1.022E-17 3.559E-16    -34.81 3.737E-18     89.46        0.
  6488.228 9.406E-18 4.812E-16    -51.16 4.591E-18     98.46        0.
  6485.019 9.075E-18 5.864E-16    -64.62 5.095E-18     108.1        0.
  6962.102 8.223E-18 1.073E-15    -130.5 5.171E-18     194.9        0.
   6945.35 6.582E-18 1.842E-15    -279.9 6.838E-18     253.1        0.
  6927.649 6.598E-18 1.800E-15    -272.8 7.165E-18     236.1        0.
  6957.054 8.936E-18 7.899E-16     -88.4 4.611E-18      161.        0.
  6958.468 9.177E-18 7.045E-16    -76.77 4.426E-18     149.5        0.
  6952.764 9.307E-18 7.766E-16    -83.44 4.239E-18     172.1        0.

Jun  7 11:58 [GB6J235758+140205_spect.fits[*,1]]: 
  7369.816 1.184E-17 1.419E-15    -119.9 4.749E-18     280.8        0.

Jun  7 12:01 [GB6J235758+140205_spect.fits[*,1]]: 
  6837.342 1.391E-17 1.080E-16    -7.761 1.073E-18      94.5        0.

Jun  7 13:31 [GB6J001115+144608_spect.fits]: 
  8434.446  6.495977   14.1197    -2.174   4.40838     3.009        0.
  8434.438  6.573775   13.6392    -2.075   4.34222     2.951        0.
  8347.839  6.572224   548.909    -83.52    1.4192     363.4        0.
  8315.851  6.859326   383.051    -55.84    1.2234     294.1        0.
  7777.292  7.348694   409.588    -55.74   1.15121     334.2        0.
  7770.935   7.44347   356.132    -47.84   1.07072     312.5        0.
  7721.216  7.841608    11.625    -1.482   1.56968     6.957        0.
  7771.057  7.631356   250.753    -32.86  0.896333     262.8        0.
  7763.139  7.612931   259.794    -34.13  0.943844     258.6        0.
  9317.621  5.503871   28.8619    -5.244   3.89695     6.958        0.
  8026.658  8.732323   13296.2    -1523.   1.38122     9043.        0.
   9163.35  5.800409   597.693     -103.   1.75518     319.9        0.

Jun  7 13:41 [GB6J083548+182519_spect.fits]: 
   7566.31 0.1681613   253.767    -1509.  0.553492     430.7        0.
  7122.492 0.2481504   245.865    -990.8  0.454513     508.2        0.
  7128.093 0.3254146   183.857     -565.  0.373123     462.9        0.
  7116.292 0.5088238   144.523     -284.  0.181042     749.9        0.
  7200.768 0.4034273   365.121     -905.   0.26418     1298.        0.
   7019.35 0.3542691   486.026    -1372.   0.37028     1233.        0.
  7140.833 0.0219591   468.543   -21337.  0.663433     663.5        0.
  7081.435   0.22004   238.076    -1082.  0.490772     455.7        0.
  7009.602 0.4781592   105.345    -220.3  0.236924     417.7        0.
  7078.067 0.4159783   182.995    -439.9  0.288583     595.7        0.
  7071.618 0.3940227   105.172    -266.9  0.323347     305.6        0.

Jun  7 13:45 [GB6J102623+254255_spect.fits]: 
  8193.539  1.555251   163.002    -104.8  0.606592     252.4        0.
  8160.157  1.458668   227.489     -156.  0.703257     303.9        0.
  8324.596  1.457647   1996.61    -1370.  0.645327     2907.        0.
  8160.968  1.459608   215.705    -147.8  0.708215     286.1        0.
  8162.311   1.58696   224.636    -141.6  0.558665     377.7        0.
  8368.395  1.517117   1313.33    -865.7  0.588563     2096.        0.
  8081.745  1.498522   791.981    -528.5  0.652758     1140.        0.
  8191.348  1.759574   53.7121    -30.53  0.442064     114.1        0.
  8144.928    1.7679   125.512      -71.  0.391302     301.3        0.
  8190.298  1.785933   62.2425    -34.85  0.388692     150.4        0.
  8456.692  1.718473   473.581    -275.6    0.6308     705.3        0.
  8088.325  1.696683   287.326    -169.3  0.454451      594.        0.
  8195.454   1.68655   107.865    -63.96   0.47637     212.7        0.
  8180.332  1.698596   48.9973    -28.85  0.538553     85.47        0.
  8787.741  1.558782   185.872    -119.2   0.45886     380.5        0.
  8770.858  1.704115   91.9708    -53.97  0.445482     193.9        0.
  8770.123  1.675553   106.216    -63.39  0.467045     213.6        0.
  8785.248  1.606546   101.682    -63.29  0.512051     186.6        0.
  8176.318  1.628719   222.423    -136.6  0.493584     423.3        0.
  8507.612  1.512352   132.335     -87.5  0.423224     293.7        0.

Jun  7 13:51 [GB6J102623+254255_spect.fits]: 
  9677.308  1.421842   451.646    -317.6   1.60709      264.        0.
  8787.675  1.608508   97.7941     -60.8  0.515446     178.2        0.
  8210.317  1.713312   135.294    -78.97  0.398462      319.        0.
  8182.467  1.873561   67.8086    -36.19  0.254081     250.7        0.
   8181.56  1.861016   78.7959    -42.34  0.262617     281.9        0.
  8187.427  1.773486   114.958    -64.82  0.352113     306.7        0.
  8185.705  1.943639   37.0175    -19.05  0.190638     182.4        0.
   8775.84   1.60996   109.706    -68.14  0.487429     211.4        0.
  8780.681  1.669575   80.6183    -48.29  0.455361     166.3        0.
  7679.533   1.52737   879.435    -575.8   3.18041     259.8        0.
  7648.059  1.598649   593.189    -371.1   3.55962     156.6        0.
  7658.992  1.330094   839.152    -630.9   3.58485     219.9        0.
   7646.21  1.353703   682.002    -503.8   3.72244     172.1        0.

Jun  7 13:56 [GB6J132512+112338_spect.fits]: 
  7555.891  1.586706   324.574    -204.6   1.21645     250.7        0.
  7556.454  1.688748   258.714    -153.2   1.15062     211.2        0.
  7557.181  2.220187   86.7818    -39.09  0.665454     122.5        0.
  7553.275  2.321728   64.7543    -27.89  0.574349     105.9        0.
  7557.304   2.33464   61.4193    -26.31  0.561602     102.7        0.
  7557.129  2.178473   97.6734    -44.84  0.700739     130.9        0.
  7058.611  2.550743   69.6807    -27.32  0.598383     109.4        0.

Jun  7 13:59 [GB6J134811+193520_spect.fits]: 
  7530.818  1.144781   145.641    -127.2  0.689823     198.3        0.
  7015.921   1.15548    175.45    -151.8  0.576628     285.8        0.
  7023.236  1.556225   22.0401    -14.16  0.192465     107.6        0.
   7017.42  1.482397   40.4631     -27.3  0.263154     144.4        0.
   7213.67  1.384533   73.2296    -52.89  0.352175     195.3        0.

Jun  7 14:02 [GB6J012126+034646_spect.fits[*,1]]: 
  6683.593 3.925E-17 2.664E-15    -67.88 2.156E-17     116.1        0.
  6669.463 4.242E-17 2.714E-15    -63.98 1.595E-17     159.9        0.
  6675.782 4.104E-17 3.116E-15    -75.92 1.732E-17      169.        0.
  6686.118 4.996E-17 9.152E-16    -18.32 8.403E-18     102.3        0.

Jun  7 14:11 [GB6J141212+062408_spect.fits]: 
  8314.406   1.41402   63.3518     -44.8  0.287933     206.7        0.

Jun  7 15:53 [GB6J151002+570256_spect.fits]: 
  6917.915  1.913566   28.7347    -15.02  0.254225     106.2        0.

Jun  7 15:59 [GB6J161216+470311_spect.fits]: 
   7471.51 0.7986472   32.5103    -40.71   0.20117     151.8        0.
  7948.572 0.6012664   39.2314    -65.25  0.245762      150.        0.
  7469.242 0.8499782   19.0675    -22.43  0.157745     113.6        0.

Jun  7 16:10 [GB6J161216+470311_spect.fits]: 
  7477.043  0.597908   101.036     -169.  0.409153      232.        0.
  7478.182  0.768829   38.6175    -50.23  0.230349     157.5        0.
  6538.906 0.2213687   463.889    -2096.   2.14414     203.2        0.

Jun  7 16:14 [GB6J161216+470311_spect.fits]: 
  9964.727 0.2656158    37.072    -139.6  0.882311     39.47        0.

Jun  7 16:18 [GB6J162956+095959_spect.fits[*,1]]: 
  8390.569 7.218E-18 3.136E-16    -43.45 1.892E-18     155.7        0.
  8370.309 7.285E-18 2.784E-16    -38.22 1.900E-18     137.7        0.
  8368.496 7.807E-18 1.570E-16    -20.11 1.377E-18     107.1        0.

Jun  7 17:04 [GB6J141212+062408_spect.fits]: 
  7525.783  1.808417   26.3232    -14.56  0.200639     123.3        0.
  7231.973  1.910113   18.1726    -9.514   0.17768     96.08        0.
  7009.721  1.996256   43.7337    -21.91  0.280609     146.4        0.
   7535.22   1.78587   30.3033    -16.97  0.214851     132.5        0.

Jun  7 17:21 [GB6J153533+025419_spect.fits]: 
   7014.71   1.26931   21.1917     -16.7  0.145195     137.1        0.
  7538.879  1.172738   81.6019    -69.58  0.227053     337.6        0.
